This is e-upTeX, Version 3.141592653-p4.1.1-u1.30-230214-2.6 (utf8.euc) (TeX Live 2024) (preloaded format=platex 2025.1.11)  11 JAN 2025 03:38
entering extended mode
 restricted \write18 enabled.
 %&-line parsing enabled.
**/Users/yukihohanatani/Documents/修論2024年度_花谷/修論2024年度_花谷.tex
(/Users/yukihohanatani/Documents/修論2024年度_花谷/修論2024年度_花谷.tex
pLaTeX2e <2023-02-14>+1, based on
LaTeX2e <2023-11-01> patch level 1
L3 programming layer <2024-02-20>
(/usr/local/texlive/2024/texmf-dist/tex/platex/base/jreport.cls
Document Class: jreport 2020/09/30 v1.8f Standard pLaTeX class
\c@@paper=\count187
(/usr/local/texlive/2024/texmf-dist/tex/platex/base/jsize11.clo
File: jsize11.clo 2020/09/30 v1.8f Standard pLaTeX file (size option)
)
\c@part=\count188
\c@chapter=\count189
\c@section=\count190
\c@subsection=\count191
\c@subsubsection=\count192
\c@paragraph=\count193
\c@subparagraph=\count194
\c@figure=\count195
\c@table=\count196
\abovecaptionskip=\skip48
\belowcaptionskip=\skip49
\symmincho=\mathgroup4
LaTeX Font Info:    Overwriting symbol font `mincho' in version `bold'
(Font)                  JY1/mc/m/n --> JY1/gt/m/n on input line 704.
\toclineskip=\dimen156
\@lnumwidth=\dimen157
\bibindent=\dimen158
\heisei=\count197
) (./wuse_thesis.sty
和歌山大学システム工学部卒業論文用スタイルファイル
(/usr/local/texlive/2024/texmf-dist/tex/latex/base/ifthen.sty
Package: ifthen 2022/04/13 v1.1d Standard LaTeX ifthen package (DPC)
)) (/usr/local/texlive/2024/texmf-dist/tex/latex/tools/indentfirst.sty
Package: indentfirst 2023/07/02 v1.03 Indent first paragraph (DPC)
) (/usr/local/texlive/2024/texmf-dist/tex/latex/graphics/graphicx.sty
Package: graphicx 2021/09/16 v1.2d Enhanced LaTeX Graphics (DPC,SPQR)
(/usr/local/texlive/2024/texmf-dist/tex/latex/graphics/keyval.sty
Package: keyval 2022/05/29 v1.15 key=value parser (DPC)
\KV@toks@=\toks18
) (/usr/local/texlive/2024/texmf-dist/tex/latex/graphics/graphics.sty
Package: graphics 2022/03/10 v1.4e Standard LaTeX Graphics (DPC,SPQR)
(/usr/local/texlive/2024/texmf-dist/tex/latex/graphics/trig.sty
Package: trig 2021/08/11 v1.11 sin cos tan (DPC)
) (/usr/local/texlive/2024/texmf-dist/tex/latex/graphics-cfg/graphics.cfg
File: graphics.cfg 2016/06/04 v1.11 sample graphics configuration
)
Package graphics Info: Driver file: dvipdfmx.def on input line 107.
(/usr/local/texlive/2024/texmf-dist/tex/latex/graphics-def/dvipdfmx.def
File: dvipdfmx.def 2022/09/22 v5.0m Graphics/color driver for dvipdfmx
))
\Gin@req@height=\dimen159
\Gin@req@width=\dimen160
) (/usr/local/texlive/2024/texmf-dist/tex/latex/amsmath/amsmath.sty
Package: amsmath 2023/05/13 v2.17o AMS math features
\@mathmargin=\skip50
For additional information on amsmath, use the `?' option.
(/usr/local/texlive/2024/texmf-dist/tex/latex/amsmath/amstext.sty
Package: amstext 2021/08/26 v2.01 AMS text
(/usr/local/texlive/2024/texmf-dist/tex/latex/amsmath/amsgen.sty
File: amsgen.sty 1999/11/30 v2.0 generic functions
\@emptytoks=\toks19
\ex@=\dimen161
)) (/usr/local/texlive/2024/texmf-dist/tex/latex/amsmath/amsbsy.sty
Package: amsbsy 1999/11/29 v1.2d Bold Symbols
\pmbraise@=\dimen162
) (/usr/local/texlive/2024/texmf-dist/tex/latex/amsmath/amsopn.sty
Package: amsopn 2022/04/08 v2.04 operator names
)
\inf@bad=\count198
LaTeX Info: Redefining \frac on input line 234.
\uproot@=\count199
\leftroot@=\count266
LaTeX Info: Redefining \overline on input line 399.
LaTeX Info: Redefining \colon on input line 410.
\classnum@=\count267
\DOTSCASE@=\count268
LaTeX Info: Redefining \ldots on input line 496.
LaTeX Info: Redefining \dots on input line 499.
LaTeX Info: Redefining \cdots on input line 620.
\Mathstrutbox@=\box68
\strutbox@=\box69
LaTeX Info: Redefining \big on input line 722.
LaTeX Info: Redefining \Big on input line 723.
LaTeX Info: Redefining \bigg on input line 724.
LaTeX Info: Redefining \Bigg on input line 725.
\big@size=\dimen163
LaTeX Font Info:    Redeclaring font encoding OML on input line 743.
LaTeX Font Info:    Redeclaring font encoding OMS on input line 744.
\macc@depth=\count269
LaTeX Info: Redefining \bmod on input line 905.
LaTeX Info: Redefining \pmod on input line 910.
LaTeX Info: Redefining \smash on input line 940.
LaTeX Info: Redefining \relbar on input line 970.
LaTeX Info: Redefining \Relbar on input line 971.
\c@MaxMatrixCols=\count270
\dotsspace@=\muskip16
\c@parentequation=\count271
\dspbrk@lvl=\count272
\tag@help=\toks20
\row@=\count273
\column@=\count274
\maxfields@=\count275
\andhelp@=\toks21
\eqnshift@=\dimen164
\alignsep@=\dimen165
\tagshift@=\dimen166
\tagwidth@=\dimen167
\totwidth@=\dimen168
\lineht@=\dimen169
\@envbody=\toks22
\multlinegap=\skip51
\multlinetaggap=\skip52
\mathdisplay@stack=\toks23
LaTeX Info: Redefining \[ on input line 2953.
LaTeX Info: Redefining \] on input line 2954.
) (/usr/local/texlive/2024/texmf-dist/tex/latex/amsfonts/amssymb.sty
Package: amssymb 2013/01/14 v3.01 AMS font symbols
(/usr/local/texlive/2024/texmf-dist/tex/latex/amsfonts/amsfonts.sty
Package: amsfonts 2013/01/14 v3.01 Basic AMSFonts support
\symAMSa=\mathgroup5
\symAMSb=\mathgroup6
LaTeX Font Info:    Redeclaring math symbol \hbar on input line 98.
LaTeX Font Info:    Overwriting math alphabet `\mathfrak' in version `bold'
(Font)                  U/euf/m/n --> U/euf/b/n on input line 106.
)) (/usr/local/texlive/2024/texmf-dist/tex/latex/tools/bm.sty
Package: bm 2023/07/08 v1.2f Bold Symbol Support (DPC/FMi)
\symboldoperators=\mathgroup7
\symboldletters=\mathgroup8
\symboldsymbols=\mathgroup9
Package bm Info: No bold for \OMX/cmex/m/n, using \pmb.
\symboldmincho=\mathgroup10
Package bm Info: No bold for \U/msa/m/n, using \pmb.
Package bm Info: No bold for \U/msb/m/n, using \pmb.
LaTeX Font Info:    Redeclaring math alphabet \mathbf on input line 149.
) (/usr/local/texlive/2024/texmf-dist/tex/latex/caption/subcaption.sty
Package: subcaption 2023/07/28 v1.6b Sub-captions (AR)
(/usr/local/texlive/2024/texmf-dist/tex/latex/caption/caption.sty
Package: caption 2023/08/05 v3.6o Customizing captions (AR)
(/usr/local/texlive/2024/texmf-dist/tex/latex/caption/caption3.sty
Package: caption3 2023/07/31 v2.4d caption3 kernel (AR)
\caption@tempdima=\dimen170
\captionmargin=\dimen171
\caption@leftmargin=\dimen172
\caption@rightmargin=\dimen173
\caption@width=\dimen174
\caption@indent=\dimen175
\caption@parindent=\dimen176
\caption@hangindent=\dimen177
Package caption Info: Unknown document class (or package),
(caption)             standard defaults will be used.
Package caption Info: \@makecaption = \long macro:#1#2->\vskip \abovecaptionskip \iftdir \sbox \@tempboxa {#1\hskip 1zw#2}\else \sbox \@tempboxa {#1: #2}\fi \ifdim \wd \@tempboxa >\hsize \iftdir #1\hskip 1zw#2\relax \par \else #1: #2\relax \par \fi \else \global \@minipagefalse \hb@xt@ \hsize {\hfil \box \@tempboxa \hfil }\fi \vskip \belowcaptionskip  on input line 1175.
)

Package caption Warning: Unknown document class (or package),
(caption)                standard defaults will be used.
See the caption package documentation for explanation.

\c@caption@flags=\count276
\c@continuedfloat=\count277
)
Package caption Info: New subtype `subfigure' on input line 238.
\c@subfigure=\count278
Package caption Info: New subtype `subtable' on input line 238.
\c@subtable=\count279
) (/usr/local/texlive/2024/texmf-dist/tex/latex/tools/enumerate.sty
Package: enumerate 2023/07/04 v3.00 enumerate extensions (DPC)
\@enLab=\toks24
) (/usr/local/texlive/2024/texmf-dist/tex/latex/graphics/lscape.sty
Package: lscape 2020/05/28 v3.02 Landscape Pages (DPC)
) (/usr/local/texlive/2024/texmf-dist/tex/latex/comment/comment.sty
\CommentStream=\write3
Excluding comment 'comment') (/usr/local/texlive/2024/texmf-dist/tex/latex/tipa/tipa.sty
Package: tipa 2002/08/08 TIPA version 1.1
(/usr/local/texlive/2024/texmf-dist/tex/latex/base/fontenc.sty
Package: fontenc 2021/04/29 v2.0v Standard LaTeX package
(/usr/local/texlive/2024/texmf-dist/tex/latex/tipa/t3enc.def
File: t3enc.def 2001/12/31 T3 encoding
Now handling font encoding T3 ...
... no UTF-8 mapping file for font encoding T3
LaTeX Font Info:    Kanji font shape `JY1/mc/m/sl' undefined
(Font)              No change on input line 316.
LaTeX Font Info:    Kanji font shape `JY1/mc/m/it' undefined
(Font)              No change on input line 316.
LaTeX Font Info:    Font shape `JT1/mc/bx/n' in size <10.95> not available
(Font)              Font shape `JT1/gt/m/n' tried instead on input line 356.
LaTeX Font Info:    Font shape `JY1/mc/bx/n' in size <10.95> not available
(Font)              Font shape `JY1/gt/m/n' tried instead on input line 356.
))) (/usr/local/texlive/2024/texmf-dist/tex/latex/cite/cite.sty
LaTeX Info: Redefining \cite on input line 302.
LaTeX Info: Redefining \nocite on input line 332.
Package: cite 2015/02/27  v 5.5
) (/usr/local/texlive/2024/texmf-dist/tex/platex/japanese-otf/otf.sty
Package: otf 2023/10/09 TeX JP org, v1.7b8 psitau, u0.30 ttk
Package otf Info: Autodetected engine: pLaTeX on input line 66.
LaTeX Font Info:    Redeclaring symbol font `mincho' on input line 345.
LaTeX Font Info:    Overwriting symbol font `mincho' in version `normal'
(Font)                  JY1/mc/m/n --> JY1/hmc/m/n on input line 345.
LaTeX Font Info:    Overwriting symbol font `mincho' in version `bold'
(Font)                  JY1/gt/m/n --> JY1/hmc/m/n on input line 345.
LaTeX Font Info:    Overwriting symbol font `mincho' in version `bold'
(Font)                  JY1/hmc/m/n --> JY1/hmc/bx/n on input line 347.
LaTeX Font Info:    Redeclaring math alphabet \mathgt on input line 348.
LaTeX Font Info:    Overwriting math alphabet `\mathgt' in version `normal'
(Font)                  JY1/gt/m/n --> JY1/hgt/m/n on input line 348.
LaTeX Font Info:    Overwriting math alphabet `\mathgt' in version `bold'
(Font)                  JY1/gt/m/n --> JY1/hgt/m/n on input line 348.
LaTeX Font Info:    Overwriting math alphabet `\mathgt' in version `bold'
(Font)                  JY1/hgt/m/n --> JY1/hgt/bx/n on input line 349.
(/usr/local/texlive/2024/texmf-dist/tex/platex/japanese-otf/ajmacros.sty
Package: ajmacros 2019/04/01 21:00 iNOUE Koich! <inoue@ma.ns.musashi-tech.ac.jp>
\@tempcntc=\count280
\@tempcntd=\count281
\@tempcnte=\count282
\@tempcntf=\count283
)) (/usr/local/texlive/2024/texmf-dist/tex/latex/threeparttable/threeparttable.sty
Package: threeparttable 2003/06/13  v 3.0
\@tempboxb=\box70
) (/usr/local/texlive/2024/texmf-dist/tex/latex/here/here.sty) (/usr/local/texlive/2024/texmf-dist/tex/latex/float/float.sty
Package: float 2001/11/08 v1.3d Float enhancements (AL)
\c@float@type=\count284
\float@exts=\toks25
\float@box=\box71
\@float@everytoks=\toks26
\@floatcapt=\box72
) (/usr/local/texlive/2024/texmf-dist/tex/latex/booktabs/booktabs.sty
Package: booktabs 2020/01/12 v1.61803398 Publication quality tables
\heavyrulewidth=\dimen178
\lightrulewidth=\dimen179
\cmidrulewidth=\dimen180
\belowrulesep=\dimen181
\belowbottomsep=\dimen182
\aboverulesep=\dimen183
\abovetopsep=\dimen184
\cmidrulesep=\dimen185
\cmidrulekern=\dimen186
\defaultaddspace=\dimen187
\@cmidla=\count285
\@cmidlb=\count286
\@aboverulesep=\dimen188
\@belowrulesep=\dimen189
\@thisruleclass=\count287
\@lastruleclass=\count288
\@thisrulewidth=\dimen190
) (/usr/local/texlive/2024/texmf-dist/tex/latex/multirow/multirow.sty
Package: multirow 2021/03/15 v2.8 Span multiple rows of a table
\multirow@colwidth=\skip53
\multirow@cntb=\count289
\multirow@dima=\skip54
\bigstrutjot=\dimen191
) (/usr/local/texlive/2024/texmf-dist/tex/generic/soul/soul.sty
Package: soul 2023-06-14 v3.1 Permit use of UTF-8 characters in soul (HO)
(/usr/local/texlive/2024/texmf-dist/tex/generic/soul/soul-ori.sty
Package: soul-ori 2023-06-14 v3.1 letterspacing/underlining (mf)
\SOUL@word=\toks27
\SOUL@lasttoken=\toks28
\SOUL@syllable=\toks29
\SOUL@cmds=\toks30
\SOUL@buffer=\toks31
\SOUL@token=\toks32
\SOUL@syllgoal=\dimen192
\SOUL@syllwidth=\dimen193
\SOUL@charkern=\dimen194
\SOUL@hyphkern=\dimen195
\SOUL@dimen=\dimen196
\SOUL@dimeni=\dimen197
\SOUL@minus=\count290
\SOUL@comma=\count291
\SOUL@apo=\count292
\SOUL@grave=\count293
\SOUL@spaceskip=\skip55
\SOUL@ttwidth=\dimen198
\SOUL@uldp=\dimen199
\SOUL@ulht=\dimen256
) (/usr/local/texlive/2024/texmf-dist/tex/generic/infwarerr/infwarerr.sty
Package: infwarerr 2019/12/03 v1.5 Providing info/warning/error messages (HO)
) (/usr/local/texlive/2024/texmf-dist/tex/generic/etexcmds/etexcmds.sty
Package: etexcmds 2019/12/15 v1.7 Avoid name clashes with e-TeX commands (HO)
(/usr/local/texlive/2024/texmf-dist/tex/generic/iftex/iftex.sty
Package: iftex 2022/02/03 v1.0f TeX engine tests
))) (/usr/local/texlive/2024/texmf-dist/tex/latex/xcolor/xcolor.sty
Package: xcolor 2023/11/15 v3.01 LaTeX color extensions (UK)
(/usr/local/texlive/2024/texmf-dist/tex/latex/graphics-cfg/color.cfg
File: color.cfg 2016/01/02 v1.6 sample color configuration
)
Package xcolor Info: Driver file: dvips.def on input line 274.
(/usr/local/texlive/2024/texmf-dist/tex/latex/graphics-def/dvips.def
File: dvips.def 2022/09/22 v3.1e Graphics/color driver for dvips
) (/usr/local/texlive/2024/texmf-dist/tex/latex/graphics/mathcolor.ltx)
Package xcolor Info: Model `cmy' substituted by `cmy0' on input line 1350.
Package xcolor Info: Model `RGB' extended on input line 1366.
Package xcolor Info: Model `HTML' substituted by `rgb' on input line 1368.
Package xcolor Info: Model `Hsb' substituted by `hsb' on input line 1369.
Package xcolor Info: Model `tHsb' substituted by `hsb' on input line 1370.
Package xcolor Info: Model `HSB' substituted by `hsb' on input line 1371.
Package xcolor Info: Model `Gray' substituted by `gray' on input line 1372.
Package xcolor Info: Model `wave' substituted by `hsb' on input line 1373.
) (/usr/local/texlive/2024/texmf-dist/tex/latex/colortbl/colortbl.sty
Package: colortbl 2024/02/20 v1.0g Color table columns (DPC)
(/usr/local/texlive/2024/texmf-dist/tex/latex/tools/array.sty
Package: array 2023/10/16 v2.5g Tabular extension package (FMi)
\col@sep=\dimen257
\ar@mcellbox=\box73
\extrarowheight=\dimen258
\NC@list=\toks33
\extratabsurround=\skip56
\backup@length=\skip57
\ar@cellbox=\box74
)
\everycr=\toks34
\minrowclearance=\skip58
\rownum=\count294
) (/usr/local/texlive/2024/texmf-dist/tex/latex/changepage/changepage.sty
Package: changepage 2009/10/20 v1.0c check page and change page layout
\c@cp@cntr=\count295
\cp@tempcnt=\count296
) (/usr/local/texlive/2024/texmf-dist/tex/latex/url/url.sty
\Urlmuskip=\muskip17
Package: url 2013/09/16  ver 3.4  Verb mode for urls, etc.
)
LaTeX Font Info:    Font shape `JT1/hmc/m/n' will be
(Font)              scaled to size 10.53629pt on input line 109.
LaTeX Font Info:    Font shape `JY1/hmc/m/n' will be
(Font)              scaled to size 10.53629pt on input line 109.
(/usr/local/texlive/2024/texmf-dist/tex/latex/l3backend/l3backend-dvips.def
File: l3backend-dvips.def 2024-02-20 L3 backend support: dvips
\l__pdf_internal_box=\box75
\g__pdf_backend_object_int=\count297
\l__pdf_backend_content_box=\box76
\l__pdf_backend_model_box=\box77
\g__pdf_backend_annotation_int=\count298
\g__pdf_backend_link_int=\count299
\g__pdf_backend_link_sf_int=\count300
) (out/修論2024年度_花谷.aux (out/1_Intro.aux))
\openout1 = `修論2024年度_花谷.aux'.

LaTeX Font Info:    Checking defaults for OML/cmm/m/it on input line 109.
LaTeX Font Info:    ... okay on input line 109.
LaTeX Font Info:    Checking defaults for OMS/cmsy/m/n on input line 109.
LaTeX Font Info:    ... okay on input line 109.
LaTeX Font Info:    Checking defaults for OT1/cmr/m/n on input line 109.
LaTeX Font Info:    ... okay on input line 109.
LaTeX Font Info:    Checking defaults for T1/cmr/m/n on input line 109.
LaTeX Font Info:    ... okay on input line 109.
LaTeX Font Info:    Checking defaults for TS1/cmr/m/n on input line 109.
LaTeX Font Info:    ... okay on input line 109.
LaTeX Font Info:    Checking defaults for OMX/cmex/m/n on input line 109.
LaTeX Font Info:    ... okay on input line 109.
LaTeX Font Info:    Checking defaults for U/cmr/m/n on input line 109.
LaTeX Font Info:    ... okay on input line 109.
LaTeX Font Info:    Checking defaults for JY1/mc/m/n on input line 109.
LaTeX Font Info:    ... okay on input line 109.
LaTeX Font Info:    Checking defaults for JT1/mc/m/n on input line 109.
LaTeX Font Info:    ... okay on input line 109.
LaTeX Font Info:    Checking defaults for T3/cmr/m/n on input line 109.
LaTeX Font Info:    Trying to load font information for T3+cmr on input line 109.
(/usr/local/texlive/2024/texmf-dist/tex/latex/tipa/t3cmr.fd
File: t3cmr.fd 2001/12/31 TIPA font definitions
)
LaTeX Font Info:    ... okay on input line 109.
Package caption Info: Begin \AtBeginDocument code.
Package caption Info: changepage package is loaded.
\caption@adjustwidth@hsize=\dimen259
\caption@adjustwidth@linewidth=\dimen260
Package caption Info: float package is loaded.
Package caption Info: threeparttable package is loaded.
Package caption Info: End \AtBeginDocument code.
LaTeX Font Info:    Font shape `JT1/hmc/m/n' will be
(Font)              scaled to size 13.85594pt on input line 111.
LaTeX Font Info:    Font shape `JY1/hmc/m/n' will be
(Font)              scaled to size 13.85594pt on input line 111.
LaTeX Font Info:    Font shape `JT1/hmc/m/n' will be
(Font)              scaled to size 19.95642pt on input line 111.
LaTeX Font Info:    Font shape `JY1/hmc/m/n' will be
(Font)              scaled to size 19.95642pt on input line 111.
LaTeX Font Info:    Font shape `JT1/hmc/bx/n' in size <20.74> not available
(Font)              Font shape `JT1/hgt/m/n' tried instead on input line 111.
LaTeX Font Info:    Font shape `JT1/hgt/m/n' will be
(Font)              scaled to size 19.95642pt on input line 111.
LaTeX Font Info:    Font shape `JY1/hmc/bx/n' in size <20.74> not available
(Font)              Font shape `JY1/hgt/m/n' tried instead on input line 111.
LaTeX Font Info:    Font shape `JY1/hgt/m/n' will be
(Font)              scaled to size 19.95642pt on input line 111.
LaTeX Font Info:    Font shape `JT1/hmc/m/n' will be
(Font)              scaled to size 16.62714pt on input line 111.
LaTeX Font Info:    Font shape `JY1/hmc/m/n' will be
(Font)              scaled to size 16.62714pt on input line 111.
[1

] [1]
LaTeX Font Info:    Font shape `JT1/hmc/bx/n' in size <14.4> not available
(Font)              Font shape `JT1/hgt/m/n' tried instead on input line 118.
LaTeX Font Info:    Font shape `JT1/hgt/m/n' will be
(Font)              scaled to size 13.85594pt on input line 118.
LaTeX Font Info:    Font shape `JY1/hmc/bx/n' in size <14.4> not available
(Font)              Font shape `JY1/hgt/m/n' tried instead on input line 118.
LaTeX Font Info:    Font shape `JY1/hgt/m/n' will be
(Font)              scaled to size 13.85594pt on input line 118.
[1] (out/修論2024年度_花谷.toc
LaTeX Font Info:    Font shape `JT1/hmc/bx/n' in size <10.95> not available
(Font)              Font shape `JT1/hgt/m/n' tried instead on input line 1.
LaTeX Font Info:    Font shape `JT1/hgt/m/n' will be
(Font)              scaled to size 10.53629pt on input line 1.
LaTeX Font Info:    Font shape `JY1/hmc/bx/n' in size <10.95> not available
(Font)              Font shape `JY1/hgt/m/n' tried instead on input line 1.
LaTeX Font Info:    Font shape `JY1/hgt/m/n' will be
(Font)              scaled to size 10.53629pt on input line 1.
LaTeX Font Info:    Font shape `JY1/hmc/m/n' will be
(Font)              scaled to size 7.69775pt on input line 2.
LaTeX Font Info:    Font shape `JY1/hmc/m/n' will be
(Font)              scaled to size 5.77332pt on input line 2.
LaTeX Font Info:    Trying to load font information for U+msa on input line 2.
(/usr/local/texlive/2024/texmf-dist/tex/latex/amsfonts/umsa.fd
File: umsa.fd 2013/01/14 v3.01 AMS symbols A
)
LaTeX Font Info:    Trying to load font information for U+msb on input line 2.
(/usr/local/texlive/2024/texmf-dist/tex/latex/amsfonts/umsb.fd
File: umsb.fd 2013/01/14 v3.01 AMS symbols B
))
\tf@toc=\write4
\openout4 = `修論2024年度_花谷.toc'.

[2]
\openout2 = `1_Intro.aux'.

(./1_Intro.tex
第 1 章
) [1


]
No file 修論2024年度_花谷.bbl.
[2


]
LaTeX Font Info:    Font shape `JT1/hmc/m/n' will be
(Font)              scaled to size 11.54663pt on input line 208.
LaTeX Font Info:    Font shape `JY1/hmc/m/n' will be
(Font)              scaled to size 11.54663pt on input line 208.
LaTeX Font Info:    Font shape `JT1/hmc/bx/n' in size <12> not available
(Font)              Font shape `JT1/hgt/m/n' tried instead on input line 208.
LaTeX Font Info:    Font shape `JT1/hgt/m/n' will be
(Font)              scaled to size 11.54663pt on input line 208.
LaTeX Font Info:    Font shape `JY1/hmc/bx/n' in size <12> not available
(Font)              Font shape `JY1/hgt/m/n' tried instead on input line 208.
LaTeX Font Info:    Font shape `JY1/hgt/m/n' will be
(Font)              scaled to size 11.54663pt on input line 208.
[3] (out/修論2024年度_花谷.aux (out/1_Intro.aux))
 ***********
pLaTeX2e <2023-02-14>+1, based on
LaTeX2e <2023-11-01> patch level 1
L3 programming layer <2024-02-20>
 ***********
 ) 
Here is how much of TeX's memory you used:
 8433 strings out of 474774
 124932 string characters out of 5758801
 1923032 words of memory out of 5000000
 30662 multiletter control sequences out of 15000+600000
 576284 words of font info for 117 fonts, out of 8000000 for 9000
 929 hyphenation exceptions out of 8191
 67i,5n,77p,578b,1025s stack positions out of 10000i,1000n,20000p,200000b,200000s

Output written on out/修論2024年度_花谷.dvi (7 pages, 9568 bytes).
